<?xml version="1.0" encoding="UTF-8"?>
<!-- Generated by org.testng.reporters.JUnitReportReporter -->
<testsuite hostname="DESKTOP-882HC8H" name="day20190515.TestReadRegisterMsg" tests="1" failures="0" timestamp="15 May 2019 04:04:08 GMT" time="0.014" errors="0">
  <testcase name="f" time="0.014" classname="day20190515.TestReadRegisterMsg"/>
</testsuite> <!-- day20190515.TestReadRegisterMsg -->
